[0706/021405.874:WARNING:dns_config_service_win.cc(668)] Failed to read DnsConfig.
[0706/021410.887:WARNING:dns_config_service_win.cc(668)] Failed to read DnsConfig.
[0706/021415.899:WARNING:dns_config_service_win.cc(668)] Failed to read DnsConfig.
[0706/021522.496:WARNING:dns_config_service_win.cc(668)] Failed to read DnsConfig.
[0706/021527.514:WARNING:dns_config_service_win.cc(668)] Failed to read DnsConfig.
[0706/021532.540:WARNING:dns_config_service_win.cc(668)] Failed to read DnsConfig.
[0706/021537.575:WARNING:dns_config_service_win.cc(668)] Failed to read DnsConfig.
[0706/021542.606:WARNING:dns_config_service_win.cc(668)] Failed to read DnsConfig.
[0706/021547.633:WARNING:dns_config_service_win.cc(668)] Failed to read DnsConfig.
[0706/021552.647:WARNING:dns_config_service_win.cc(668)] Failed to read DnsConfig.
[0706/021557.658:WARNING:dns_config_service_win.cc(668)] Failed to read DnsConfig.
[0706/021602.675:WARNING:dns_config_service_win.cc(668)] Failed to read DnsConfig.
[0706/021607.682:WARNING:dns_config_service_win.cc(668)] Failed to read DnsConfig.
[0706/021612.714:WARNING:dns_config_service_win.cc(668)] Failed to read DnsConfig.
[0706/021617.736:WARNING:dns_config_service_win.cc(668)] Failed to read DnsConfig.
[0706/021622.754:WARNING:dns_config_service_win.cc(668)] Failed to read DnsConfig.
[0726/143052.593:INFO:CONSOLE(1)] "Failed to initialize cached content:", source: file:///C:/Program%20Files/Adobe/Adobe%20Photoshop%202020/Required/www-learn/build/spaces.js (1)
[0726/143058.317:INFO:CONSOLE(1)] "%cUnhandled rejection TypeError: Cannot read property 'playlistUUID' of undefined
    at f.updateTracks (file:///C:/Program%20Files/Adobe/Adobe%20Photoshop%202020/Required/www-learn/build/main.js:1:88731)
    at O.addContent (file:///C:/Program%20Files/Adobe/Adobe%20Photoshop%202020/Required/www-learn/build/main.js:1:79602)
    at s.forEach.e (file:///C:/Program%20Files/Adobe/Adobe%20Photoshop%202020/Required/www-learn/build/main.js:1:78692)
    at Array.forEach (<anonymous>)
    at O.<anonymous> (file:///C:/Program%20Files/Adobe/Adobe%20Photoshop%202020/Required/www-learn/build/main.js:1:78675)
    at O.<anonymous> (file:///C:/Program%20Files/Adobe/Adobe%20Photoshop%202020/Required/www-learn/build/main.js:1:79233)
    at l (file:///C:/Program%20Files/Adobe/Adobe%20Photoshop%202020/Required/www-learn/build/external.js:1:215141)
    at j._settlePromiseFromHandler (file:///C:/Program%20Files/Adobe/Adobe%20Photoshop%202020/Required/www-learn/build/external.js:1:188262)
    at j._settlePromise (file:///C:/Program%20Files/Adobe/Adobe%20Photoshop%202020/Required/www-learn/build/external.js:1:189062)
    at j._settlePromise0 (file:///C:/Program%20Files/Adobe/Adobe%20Photoshop%202020/Required/www-learn/build/external.js:1:189761)
    at j._settlePromises (file:///C:/Program%20Files/Adobe/Adobe%20Photoshop%202020/Required/www-learn/build/external.js:1:191088)
    at file:///C:/Program%20Files/Adobe/Adobe%20Photoshop%202020/Required/www-learn/build/external.js:1:145301
From previous event:
    at j.I [as _captureStackTrace] (file:///C:/Program%20Files/Adobe/Adobe%20Photoshop%202020/Required/www-learn/build/external.js:1:158681)
    at j._then (file:///C:/Program%20Files/Adobe/Adobe%20Photoshop%202020/Required/www-learn/build/external.js:1:183730)
    at j.then (file:///C:/Program%20Files/Adobe/Adobe%20Photoshop%202020/Required/www-learn/build/external.js:1:182086)
    at Object.<anonymous> (file:///C:/Program%20Files/Adobe/Adobe%20Photoshop%202020/Required/www-learn/build/main.js:1:69843)
    at o (file:///C:/Program%20Files/Adobe/Adobe%20Photoshop%202020/Required/www-learn/build/spaces.js:1:410)
    at window.webpackJsonp (file:///C:/Program%20Files/Adobe/Adobe%20Photoshop%202020/Required/www-learn/build/spaces.js:1:284)
    at file:///C:/Program%20Files/Adobe/Adobe%20Photoshop%202020/Required/www-learn/build/main.js:1:1", source: file:///C:/Program%20Files/Adobe/Adobe%20Photoshop%202020/Required/www-learn/build/external.js (1)
